<?xml version="1.0" encoding="UTF-8"?>
<testsuite name="com.bridgelabz.test.AmazonOTPHandle" tests="1" skipped="0" failures="0" errors="0" timestamp="2020-01-22T13:44:40" hostname="admin1-desktop" time="18.992">
  <properties/>
  <testcase name="testName" classname="com.bridgelabz.test.AmazonOTPHandle" time="18.992"/>
  <system-out><![CDATA[198199 is your Amazon OTP. OTP is confidential. For security reasons, DO NOT share this OTP with anyone.
]]></system-out>
  <system-err><![CDATA[Starting ChromeDriver 79.0.3945.36 (3582db32b33893869b8c1339e8f4d9ed1816f143-refs/branch-heads/3945@{#614}) on port 9194
Only local connections are allowed.
Please protect ports used by ChromeDriver and related test frameworks to prevent access by malicious code.
Jan 22, 2020 7:14:40 PM org.openqa.selenium.remote.ProtocolHandshake createSession
INFO: Detected dialect: W3C
]]></system-err>
</testsuite>
